<?xml version="1.0" encoding="UTF-8"?>
<!-- Generated by org.testng.reporters.JUnitReportReporter -->
<testsuite hostname="DESKTOP-2POS76D" name="AutomationFramework.ClickUp_Home_Dashboard" tests="3" failures="0" timestamp="19 Aug 2022 12:40:33 GMT" time="37.576" errors="0">
  <testcase name="HomeDash" time="20.336" classname="AutomationFramework.ClickUp_Home_Dashboard"/>
  <testcase name="Login" time="17.122" classname="AutomationFramework.ClickUp_Home_Dashboard"/>
  <testcase name="mywork" time="0.118" classname="AutomationFramework.ClickUp_Home_Dashboard"/>
</testsuite> <!-- AutomationFramework.ClickUp_Home_Dashboard -->
