<?xml version="1.0" encoding="UTF-8"?>
<!-- Generated by org.testng.reporters.JUnitReportReporter -->
<testsuite hostname="DESKTOP-2POS76D" name="org.ClickUp.Automate.ClickUpTestScript" tests="2" failures="0" timestamp="23 Aug 2022 10:05:41 GMT" time="68.558" errors="0">
  <testcase name="Login" time="24.887" classname="org.ClickUp.Automate.ClickUpTestScript"/>
  <testcase name="space" time="43.671" classname="org.ClickUp.Automate.ClickUpTestScript"/>
</testsuite> <!-- org.ClickUp.Automate.ClickUpTestScript -->
