<?xml version="1.0" encoding="UTF-8"?>
<!-- Generated by org.testng.reporters.JUnitReportReporter -->
<testsuite hostname="DESKTOP-2POS76D" name="AutomationFramework.ClickUp_MenuBar" tests="5" failures="0" timestamp="23 Aug 2022 10:15:03 GMT" time="52.228" errors="0">
  <testcase name="Docs" time="4.615" classname="AutomationFramework.ClickUp_MenuBar"/>
  <testcase name="searchbar" time="10.656" classname="AutomationFramework.ClickUp_MenuBar"/>
  <testcase name="menubar_fn" time="22.303" classname="AutomationFramework.ClickUp_MenuBar"/>
  <testcase name="Login" time="14.169" classname="AutomationFramework.ClickUp_MenuBar"/>
  <testcase name="Sign_Out" time="0.485" classname="AutomationFramework.ClickUp_MenuBar"/>
</testsuite> <!-- AutomationFramework.ClickUp_MenuBar -->
