<?xml version="1.0" encoding="UTF-8"?>
<!-- Generated by org.testng.reporters.JUnitReportReporter -->
<testsuite hostname="DESKTOP-2POS76D" name="AutomationFramework.ClickUp_Search" tests="2" failures="0" timestamp="23 Aug 2022 09:35:59 GMT" time="35.863" errors="0">
  <testcase name="SearchFn" time="23.585" classname="AutomationFramework.ClickUp_Search"/>
  <testcase name="Login" time="12.278" classname="AutomationFramework.ClickUp_Search"/>
</testsuite> <!-- AutomationFramework.ClickUp_Search -->
