<?xml version="1.0" encoding="UTF-8"?>
<!-- Generated by org.testng.reporters.JUnitReportReporter -->
<testsuite hostname="DESKTOP-2POS76D" name="AutomationFramework.ClickUp_Goals" tests="6" failures="0" timestamp="23 Aug 2022 10:46:09 GMT" time="64.222" errors="0">
  <testcase name="Goals" time="10.515" classname="AutomationFramework.ClickUp_Goals"/>
  <testcase name="Add_Goals" time="10.012" classname="AutomationFramework.ClickUp_Goals"/>
  <testcase name="Sign_Out" time="0.475" classname="AutomationFramework.ClickUp_Goals"/>
  <testcase name="Login" time="22.899" classname="AutomationFramework.ClickUp_Goals"/>
  <testcase name="Edit_Goals" time="10.237" classname="AutomationFramework.ClickUp_Goals"/>
  <testcase name="Delete_Goals" time="10.084" classname="AutomationFramework.ClickUp_Goals"/>
</testsuite> <!-- AutomationFramework.ClickUp_Goals -->
