<?xml version="1.0" encoding="UTF-8"?>
<!-- Generated by org.testng.reporters.JUnitReportReporter -->
<testsuite hostname="DESKTOP-2POS76D" name="AutomationFramework.ClickUp_BugFix" tests="2" failures="0" timestamp="18 Aug 2022 10:27:08 GMT" time="22.741" errors="0">
  <testcase name="Login" time="9.937" classname="AutomationFramework.ClickUp_BugFix"/>
  <testcase name="Docs" time="12.804" classname="AutomationFramework.ClickUp_BugFix"/>
</testsuite> <!-- AutomationFramework.ClickUp_BugFix -->
